2025-10-01 11:33:47,395:WARNING:
'cuml' is a soft dependency and not included in the pycaret installation. Please run: `pip install cuml` to install.
2025-10-01 11:33:47,395:WARNING:
'cuml' is a soft dependency and not included in the pycaret installation. Please run: `pip install cuml` to install.
2025-10-01 11:33:47,395:WARNING:
'cuml' is a soft dependency and not included in the pycaret installation. Please run: `pip install cuml` to install.
2025-10-01 11:33:47,395:WARNING:
'cuml' is a soft dependency and not included in the pycaret installation. Please run: `pip install cuml` to install.
2025-10-01 11:33:47,405:WARNING:
'prophet' is a soft dependency and not included in the pycaret installation. Please run: `pip install prophet` to install.
2025-10-01 11:33:48,176:INFO:PyCaret ClusteringExperiment
2025-10-01 11:33:48,176:INFO:Logging name: cluster-default-name
2025-10-01 11:33:48,176:INFO:ML Usecase: MLUsecase.CLUSTERING
2025-10-01 11:33:48,176:INFO:version 3.0.1
2025-10-01 11:33:48,176:INFO:Initializing setup()
2025-10-01 11:33:48,176:INFO:self.USI: e6e1
2025-10-01 11:33:48,176:INFO:self._variable_keys: {'gpu_param', '_ml_usecase', 'seed', 'USI', 'html_param', 'pipeline', 'logging_param', 'idx', 'X', 'data', 'exp_id', '_available_plots', 'log_plots_param', 'n_jobs_param', 'gpu_n_jobs_param', 'exp_name_log', 'memory'}
2025-10-01 11:33:48,176:INFO:Checking environment
2025-10-01 11:33:48,176:INFO:python_version: 3.10.11
2025-10-01 11:33:48,176:INFO:python_build: ('tags/v3.10.11:7d4cc5a', 'Apr  5 2023 00:38:17')
2025-10-01 11:33:48,176:INFO:machine: AMD64
2025-10-01 11:33:48,177:INFO:platform: Windows-10-10.0.26100-SP0
2025-10-01 11:33:48,177:INFO:Memory: svmem(total=34240745472, available=19031277568, percent=44.4, used=15209467904, free=19031277568)
2025-10-01 11:33:48,177:INFO:Physical Core: 8
2025-10-01 11:33:48,177:INFO:Logical Core: 16
2025-10-01 11:33:48,177:INFO:Checking libraries
2025-10-01 11:33:48,177:INFO:System:
2025-10-01 11:33:48,177:INFO:    python: 3.10.11 (tags/v3.10.11:7d4cc5a, Apr  5 2023, 00:38:17) [MSC v.1929 64 bit (AMD64)]
2025-10-01 11:33:48,177:INFO:executable: C:\Users\marco\AppData\Local\Programs\Python\Python310\python.exe
2025-10-01 11:33:48,177:INFO:   machine: Windows-10-10.0.26100-SP0
2025-10-01 11:33:48,177:INFO:PyCaret required dependencies:
2025-10-01 11:33:48,222:INFO:                 pip: 23.0.1
2025-10-01 11:33:48,222:INFO:          setuptools: 65.5.0
2025-10-01 11:33:48,222:INFO:             pycaret: 3.0.1
2025-10-01 11:33:48,222:INFO:             IPython: 8.36.0
2025-10-01 11:33:48,222:INFO:          ipywidgets: 8.1.7
2025-10-01 11:33:48,222:INFO:                tqdm: 4.67.1
2025-10-01 11:33:48,222:INFO:               numpy: 1.26.4
2025-10-01 11:33:48,222:INFO:              pandas: 1.5.3
2025-10-01 11:33:48,222:INFO:              jinja2: 3.1.6
2025-10-01 11:33:48,222:INFO:               scipy: 1.11.4
2025-10-01 11:33:48,222:INFO:              joblib: 1.3.2
2025-10-01 11:33:48,222:INFO:             sklearn: 1.2.2
2025-10-01 11:33:48,222:INFO:                pyod: 2.0.5
2025-10-01 11:33:48,222:INFO:            imblearn: 0.12.4
2025-10-01 11:33:48,222:INFO:   category_encoders: 2.7.0
2025-10-01 11:33:48,222:INFO:            lightgbm: 4.6.0
2025-10-01 11:33:48,222:INFO:               numba: 0.60.0
2025-10-01 11:33:48,222:INFO:            requests: 2.32.3
2025-10-01 11:33:48,222:INFO:          matplotlib: 3.10.1
2025-10-01 11:33:48,222:INFO:          scikitplot: 0.3.7
2025-10-01 11:33:48,222:INFO:         yellowbrick: 1.5
2025-10-01 11:33:48,222:INFO:              plotly: 5.24.1
2025-10-01 11:33:48,222:INFO:             kaleido: 0.2.1
2025-10-01 11:33:48,222:INFO:         statsmodels: 0.14.4
2025-10-01 11:33:48,222:INFO:              sktime: 0.17.0
2025-10-01 11:33:48,222:INFO:               tbats: 1.1.3
2025-10-01 11:33:48,222:INFO:            pmdarima: 2.0.4
2025-10-01 11:33:48,222:INFO:              psutil: 7.0.0
2025-10-01 11:33:48,222:INFO:PyCaret optional dependencies:
2025-10-01 11:33:48,568:INFO:                shap: Not installed
2025-10-01 11:33:48,568:INFO:           interpret: Not installed
2025-10-01 11:33:48,568:INFO:                umap: Not installed
2025-10-01 11:33:48,568:INFO:    pandas_profiling: Not installed
2025-10-01 11:33:48,568:INFO:  explainerdashboard: Not installed
2025-10-01 11:33:48,568:INFO:             autoviz: Not installed
2025-10-01 11:33:48,568:INFO:           fairlearn: Not installed
2025-10-01 11:33:48,568:INFO:             xgboost: Not installed
2025-10-01 11:33:48,568:INFO:            catboost: Not installed
2025-10-01 11:33:48,568:INFO:              kmodes: Not installed
2025-10-01 11:33:48,568:INFO:             mlxtend: Not installed
2025-10-01 11:33:48,569:INFO:       statsforecast: Not installed
2025-10-01 11:33:48,569:INFO:        tune_sklearn: Not installed
2025-10-01 11:33:48,569:INFO:                 ray: Not installed
2025-10-01 11:33:48,569:INFO:            hyperopt: Not installed
2025-10-01 11:33:48,569:INFO:              optuna: Not installed
2025-10-01 11:33:48,569:INFO:               skopt: Not installed
2025-10-01 11:33:48,569:INFO:              mlflow: Not installed
2025-10-01 11:33:48,569:INFO:              gradio: Not installed
2025-10-01 11:33:48,569:INFO:             fastapi: 0.115.9
2025-10-01 11:33:48,569:INFO:             uvicorn: 0.34.2
2025-10-01 11:33:48,569:INFO:              m2cgen: Not installed
2025-10-01 11:33:48,569:INFO:           evidently: Not installed
2025-10-01 11:33:48,569:INFO:               fugue: Not installed
2025-10-01 11:33:48,569:INFO:           streamlit: 1.45.0
2025-10-01 11:33:48,569:INFO:             prophet: Not installed
2025-10-01 11:33:48,569:INFO:None
2025-10-01 11:33:48,569:INFO:Set up data.
2025-10-01 11:33:48,582:INFO:Set up index.
2025-10-01 11:33:48,582:INFO:Assigning column types.
2025-10-01 11:33:48,584:INFO:Engine successfully changes for model 'kmeans' to 'sklearn'.
2025-10-01 11:33:48,584:INFO:Engine for model 'dbscan' has not been set explicitly, hence returning None.
2025-10-01 11:33:48,584:WARNING:
'kmodes' is a soft dependency and not included in the pycaret installation. Please run: `pip install kmodes` to install.
Alternately, you can install this by running `pip install pycaret[models]`
2025-10-01 11:33:48,584:INFO:Engine for model 'dbscan' has not been set explicitly, hence returning None.
2025-10-01 11:33:48,584:WARNING:
'kmodes' is a soft dependency and not included in the pycaret installation. Please run: `pip install kmodes` to install.
Alternately, you can install this by running `pip install pycaret[models]`
2025-10-01 11:33:48,584:INFO:Engine successfully changes for model 'dbscan' to 'sklearn'.
2025-10-01 11:33:48,584:WARNING:
'kmodes' is a soft dependency and not included in the pycaret installation. Please run: `pip install kmodes` to install.
Alternately, you can install this by running `pip install pycaret[models]`
2025-10-01 11:33:48,584:WARNING:
'kmodes' is a soft dependency and not included in the pycaret installation. Please run: `pip install kmodes` to install.
Alternately, you can install this by running `pip install pycaret[models]`
2025-10-01 11:33:48,586:INFO:Preparing preprocessing pipeline...
2025-10-01 11:33:48,586:INFO:Set up simple imputation.
2025-10-01 11:33:48,597:INFO:Finished creating preprocessing pipeline.
2025-10-01 11:33:48,601:INFO:Pipeline: Pipeline(memory=FastMemory(location=C:\Users\marco\AppData\Local\Temp\joblib),
         steps=[('numerical_imputer',
                 TransformerWrapper(include=['Animação', 'Aventura', 'Ação',
                                             'Biografia', 'Comédia', 'Drama',
                                             'Família', 'Fantasia',
                                             'Ficção científica', 'Guerra',
                                             'História', 'Mistério', 'Musical',
                                             'Romance', 'Suspense', 'ajud',
                                             'am', 'amig', 'ano', 'assassin',
                                             'assassinat', 'busc', 'cac', 'cas',
                                             'cidad', 'confront', 'contr',
                                             'crim', 'decid', 'descobr', ...],
                                    transformer=SimpleImputer())),
                ('categorical_imputer',
                 TransformerWrapper(include=[],
                                    transformer=SimpleImputer(strategy='most_frequent')))])
2025-10-01 11:33:48,601:INFO:Creating final display dataframe.
2025-10-01 11:33:48,606:INFO:Setup _display_container:                Description                 Value
0               Session id                   123
1      Original data shape             (250, 81)
2   Transformed data shape             (250, 79)
3          Ignore features                     2
4         Numeric features                    79
5               Preprocess                  True
6          Imputation type                simple
7       Numeric imputation                  mean
8   Categorical imputation                  mode
9                 CPU Jobs                    -1
10                 Use GPU                 False
11          Log Experiment                 False
12         Experiment Name  cluster-default-name
13                     USI                  e6e1
2025-10-01 11:33:48,606:WARNING:
'kmodes' is a soft dependency and not included in the pycaret installation. Please run: `pip install kmodes` to install.
Alternately, you can install this by running `pip install pycaret[models]`
2025-10-01 11:33:48,606:WARNING:
'kmodes' is a soft dependency and not included in the pycaret installation. Please run: `pip install kmodes` to install.
Alternately, you can install this by running `pip install pycaret[models]`
2025-10-01 11:33:48,606:INFO:setup() successfully completed in 0.43s...............
2025-10-01 11:33:48,606:INFO:Initializing create_model()
2025-10-01 11:33:48,606:INFO:create_model(self=<pycaret.clustering.oop.ClusteringExperiment object at 0x000001422ED0F970>, estimator=kmeans, num_clusters=6, fraction=0.05, ground_truth=None, round=4, fit_kwargs=None, experiment_custom_tags=None, verbose=True, system=True, add_to_model_list=True, raise_num_clusters=False, display=None, kwargs={})
2025-10-01 11:33:48,606:INFO:Checking exceptions
2025-10-01 11:33:48,626:INFO:Importing untrained model
2025-10-01 11:33:48,627:INFO:K-Means Clustering Imported successfully
2025-10-01 11:33:48,627:INFO:Fitting Model
2025-10-01 11:33:48,641:INFO:KMeans(n_clusters=6, random_state=123)
2025-10-01 11:33:48,641:INFO:create_models() successfully completed......................................
2025-10-01 11:33:48,641:INFO:Uploading results into container
2025-10-01 11:33:48,655:INFO:Uploading model into container now
2025-10-01 11:33:48,655:INFO:_master_model_container: 1
2025-10-01 11:33:48,655:INFO:_display_container: 2
2025-10-01 11:33:48,655:INFO:KMeans(n_clusters=6, random_state=123)
2025-10-01 11:33:48,655:INFO:create_model() successfully completed......................................
2025-10-01 11:33:48,739:INFO:Initializing assign_model()
2025-10-01 11:33:48,739:INFO:assign_model(self=<pycaret.clustering.oop.ClusteringExperiment object at 0x000001422ED0F970>, model=KMeans(n_clusters=6, random_state=123), transformation=False, score=True, verbose=True)
2025-10-01 11:33:48,740:INFO:Checking exceptions
2025-10-01 11:33:48,740:INFO:Determining Trained Model
2025-10-01 11:33:48,740:INFO:Trained Model : K-Means Clustering
2025-10-01 11:33:48,740:INFO:Copying data
2025-10-01 11:33:48,741:INFO:(250, 80)
2025-10-01 11:33:48,741:INFO:assign_model() successfully completed......................................
2025-10-01 11:33:48,744:INFO:Initializing save_model()
2025-10-01 11:33:48,744:INFO:save_model(model=KMeans(n_clusters=6, random_state=123), model_name=final_model, prep_pipe_=Pipeline(memory=FastMemory(location=C:\Users\marco\AppData\Local\Temp\joblib),
         steps=[('numerical_imputer',
                 TransformerWrapper(include=['Animação', 'Aventura', 'Ação',
                                             'Biografia', 'Comédia', 'Drama',
                                             'Família', 'Fantasia',
                                             'Ficção científica', 'Guerra',
                                             'História', 'Mistério', 'Musical',
                                             'Romance', 'Suspense', 'ajud',
                                             'am', 'amig', 'ano', 'assassin',
                                             'assassinat', 'busc', 'cac', 'cas',
                                             'cidad', 'confront', 'contr',
                                             'crim', 'decid', 'descobr', ...],
                                    transformer=SimpleImputer())),
                ('categorical_imputer',
                 TransformerWrapper(include=[],
                                    transformer=SimpleImputer(strategy='most_frequent')))]), verbose=True, use_case=MLUsecase.CLUSTERING, kwargs={})
2025-10-01 11:33:48,744:INFO:Adding model into prep_pipe
2025-10-01 11:33:48,747:INFO:final_model.pkl saved in current working directory
2025-10-01 11:33:48,749:INFO:Pipeline(memory=FastMemory(location=C:\Users\marco\AppData\Local\Temp\joblib),
         steps=[('numerical_imputer',
                 TransformerWrapper(include=['Animação', 'Aventura', 'Ação',
                                             'Biografia', 'Comédia', 'Drama',
                                             'Família', 'Fantasia',
                                             'Ficção científica', 'Guerra',
                                             'História', 'Mistério', 'Musical',
                                             'Romance', 'Suspense', 'ajud',
                                             'am', 'amig', 'ano', 'assassin',
                                             'assassinat', 'busc', 'cac', 'cas',
                                             'cidad', 'confront', 'contr',
                                             'crim', 'decid', 'descobr', ...],
                                    transformer=SimpleImputer())),
                ('categorical_imputer',
                 TransformerWrapper(include=[],
                                    transformer=SimpleImputer(strategy='most_frequent'))),
                ('trained_model', KMeans(n_clusters=6, random_state=123))])
2025-10-01 11:33:48,750:INFO:save_model() successfully completed......................................
2025-10-01 11:34:20,777:WARNING:
'cuml' is a soft dependency and not included in the pycaret installation. Please run: `pip install cuml` to install.
2025-10-01 11:34:20,777:WARNING:
'cuml' is a soft dependency and not included in the pycaret installation. Please run: `pip install cuml` to install.
2025-10-01 11:34:20,777:WARNING:
'cuml' is a soft dependency and not included in the pycaret installation. Please run: `pip install cuml` to install.
2025-10-01 11:34:20,777:WARNING:
'cuml' is a soft dependency and not included in the pycaret installation. Please run: `pip install cuml` to install.
2025-10-01 11:34:20,846:WARNING:
'prophet' is a soft dependency and not included in the pycaret installation. Please run: `pip install prophet` to install.
2025-10-01 11:34:22,080:INFO:Initializing load_model()
2025-10-01 11:34:22,080:INFO:load_model(model_name=final_model, platform=None, authentication=None, verbose=True)
2025-10-02 14:05:07,675:WARNING:
'cuml' is a soft dependency and not included in the pycaret installation. Please run: `pip install cuml` to install.
2025-10-02 14:05:07,675:WARNING:
'cuml' is a soft dependency and not included in the pycaret installation. Please run: `pip install cuml` to install.
2025-10-02 14:05:07,675:WARNING:
'cuml' is a soft dependency and not included in the pycaret installation. Please run: `pip install cuml` to install.
2025-10-02 14:05:07,675:WARNING:
'cuml' is a soft dependency and not included in the pycaret installation. Please run: `pip install cuml` to install.
2025-10-02 14:05:07,767:WARNING:
'prophet' is a soft dependency and not included in the pycaret installation. Please run: `pip install prophet` to install.
2025-10-02 14:05:09,668:INFO:Initializing load_model()
2025-10-02 14:05:09,668:INFO:load_model(model_name=final_model, platform=None, authentication=None, verbose=True)
2025-10-03 12:07:55,408:WARNING:
'cuml' is a soft dependency and not included in the pycaret installation. Please run: `pip install cuml` to install.
2025-10-03 12:07:55,408:WARNING:
'cuml' is a soft dependency and not included in the pycaret installation. Please run: `pip install cuml` to install.
2025-10-03 12:07:55,408:WARNING:
'cuml' is a soft dependency and not included in the pycaret installation. Please run: `pip install cuml` to install.
2025-10-03 12:07:55,408:WARNING:
'cuml' is a soft dependency and not included in the pycaret installation. Please run: `pip install cuml` to install.
2025-10-03 12:07:55,434:WARNING:
'prophet' is a soft dependency and not included in the pycaret installation. Please run: `pip install prophet` to install.
2025-10-03 12:07:57,355:INFO:PyCaret ClusteringExperiment
2025-10-03 12:07:57,355:INFO:Logging name: cluster-default-name
2025-10-03 12:07:57,356:INFO:ML Usecase: MLUsecase.CLUSTERING
2025-10-03 12:07:57,356:INFO:version 3.0.1
2025-10-03 12:07:57,356:INFO:Initializing setup()
2025-10-03 12:07:57,356:INFO:self.USI: 96f8
2025-10-03 12:07:57,356:INFO:self._variable_keys: {'idx', 'USI', '_available_plots', 'html_param', 'pipeline', 'gpu_param', 'logging_param', 'log_plots_param', 'X', 'exp_name_log', 'gpu_n_jobs_param', '_ml_usecase', 'data', 'n_jobs_param', 'seed', 'exp_id', 'memory'}
2025-10-03 12:07:57,356:INFO:Checking environment
2025-10-03 12:07:57,356:INFO:python_version: 3.10.11
2025-10-03 12:07:57,356:INFO:python_build: ('tags/v3.10.11:7d4cc5a', 'Apr  5 2023 00:38:17')
2025-10-03 12:07:57,356:INFO:machine: AMD64
2025-10-03 12:07:57,363:INFO:platform: Windows-10-10.0.26100-SP0
2025-10-03 12:07:57,363:INFO:Memory: svmem(total=34240745472, available=20498423808, percent=40.1, used=13742321664, free=20498423808)
2025-10-03 12:07:57,363:INFO:Physical Core: 8
2025-10-03 12:07:57,363:INFO:Logical Core: 16
2025-10-03 12:07:57,363:INFO:Checking libraries
2025-10-03 12:07:57,363:INFO:System:
2025-10-03 12:07:57,363:INFO:    python: 3.10.11 (tags/v3.10.11:7d4cc5a, Apr  5 2023, 00:38:17) [MSC v.1929 64 bit (AMD64)]
2025-10-03 12:07:57,363:INFO:executable: C:\Users\marco\AppData\Local\Programs\Python\Python310\python.exe
2025-10-03 12:07:57,363:INFO:   machine: Windows-10-10.0.26100-SP0
2025-10-03 12:07:57,363:INFO:PyCaret required dependencies:
2025-10-03 12:07:57,477:INFO:                 pip: 23.0.1
2025-10-03 12:07:57,477:INFO:          setuptools: 65.5.0
2025-10-03 12:07:57,477:INFO:             pycaret: 3.0.1
2025-10-03 12:07:57,477:INFO:             IPython: 8.36.0
2025-10-03 12:07:57,477:INFO:          ipywidgets: 8.1.7
2025-10-03 12:07:57,477:INFO:                tqdm: 4.67.1
2025-10-03 12:07:57,477:INFO:               numpy: 1.26.4
2025-10-03 12:07:57,477:INFO:              pandas: 1.5.3
2025-10-03 12:07:57,477:INFO:              jinja2: 3.1.6
2025-10-03 12:07:57,477:INFO:               scipy: 1.11.4
2025-10-03 12:07:57,477:INFO:              joblib: 1.3.2
2025-10-03 12:07:57,477:INFO:             sklearn: 1.2.2
2025-10-03 12:07:57,477:INFO:                pyod: 2.0.5
2025-10-03 12:07:57,477:INFO:            imblearn: 0.12.4
2025-10-03 12:07:57,477:INFO:   category_encoders: 2.7.0
2025-10-03 12:07:57,477:INFO:            lightgbm: 4.6.0
2025-10-03 12:07:57,477:INFO:               numba: 0.60.0
2025-10-03 12:07:57,477:INFO:            requests: 2.32.3
2025-10-03 12:07:57,477:INFO:          matplotlib: 3.10.1
2025-10-03 12:07:57,477:INFO:          scikitplot: 0.3.7
2025-10-03 12:07:57,477:INFO:         yellowbrick: 1.5
2025-10-03 12:07:57,477:INFO:              plotly: 5.24.1
2025-10-03 12:07:57,477:INFO:             kaleido: 0.2.1
2025-10-03 12:07:57,477:INFO:         statsmodels: 0.14.4
2025-10-03 12:07:57,477:INFO:              sktime: 0.17.0
2025-10-03 12:07:57,477:INFO:               tbats: 1.1.3
2025-10-03 12:07:57,477:INFO:            pmdarima: 2.0.4
2025-10-03 12:07:57,477:INFO:              psutil: 7.0.0
2025-10-03 12:07:57,477:INFO:PyCaret optional dependencies:
2025-10-03 12:07:58,284:INFO:                shap: Not installed
2025-10-03 12:07:58,284:INFO:           interpret: Not installed
2025-10-03 12:07:58,284:INFO:                umap: Not installed
2025-10-03 12:07:58,284:INFO:    pandas_profiling: Not installed
2025-10-03 12:07:58,284:INFO:  explainerdashboard: Not installed
2025-10-03 12:07:58,284:INFO:             autoviz: Not installed
2025-10-03 12:07:58,284:INFO:           fairlearn: Not installed
2025-10-03 12:07:58,284:INFO:             xgboost: Not installed
2025-10-03 12:07:58,284:INFO:            catboost: Not installed
2025-10-03 12:07:58,284:INFO:              kmodes: Not installed
2025-10-03 12:07:58,284:INFO:             mlxtend: Not installed
2025-10-03 12:07:58,284:INFO:       statsforecast: Not installed
2025-10-03 12:07:58,284:INFO:        tune_sklearn: Not installed
2025-10-03 12:07:58,284:INFO:                 ray: Not installed
2025-10-03 12:07:58,284:INFO:            hyperopt: Not installed
2025-10-03 12:07:58,284:INFO:              optuna: Not installed
2025-10-03 12:07:58,284:INFO:               skopt: Not installed
2025-10-03 12:07:58,284:INFO:              mlflow: Not installed
2025-10-03 12:07:58,284:INFO:              gradio: Not installed
2025-10-03 12:07:58,284:INFO:             fastapi: 0.115.9
2025-10-03 12:07:58,284:INFO:             uvicorn: 0.34.2
2025-10-03 12:07:58,284:INFO:              m2cgen: Not installed
2025-10-03 12:07:58,284:INFO:           evidently: Not installed
2025-10-03 12:07:58,284:INFO:               fugue: Not installed
2025-10-03 12:07:58,284:INFO:           streamlit: 1.45.0
2025-10-03 12:07:58,284:INFO:             prophet: Not installed
2025-10-03 12:07:58,284:INFO:None
2025-10-03 12:07:58,284:INFO:Set up data.
2025-10-03 12:07:58,371:INFO:Set up index.
2025-10-03 12:07:58,371:INFO:Assigning column types.
2025-10-03 12:07:58,371:INFO:Engine successfully changes for model 'kmeans' to 'sklearn'.
2025-10-03 12:07:58,371:INFO:Engine for model 'dbscan' has not been set explicitly, hence returning None.
2025-10-03 12:07:58,371:WARNING:
'kmodes' is a soft dependency and not included in the pycaret installation. Please run: `pip install kmodes` to install.
Alternately, you can install this by running `pip install pycaret[models]`
2025-10-03 12:07:58,371:INFO:Engine for model 'dbscan' has not been set explicitly, hence returning None.
2025-10-03 12:07:58,371:WARNING:
'kmodes' is a soft dependency and not included in the pycaret installation. Please run: `pip install kmodes` to install.
Alternately, you can install this by running `pip install pycaret[models]`
2025-10-03 12:07:58,371:INFO:Engine successfully changes for model 'dbscan' to 'sklearn'.
2025-10-03 12:07:58,371:WARNING:
'kmodes' is a soft dependency and not included in the pycaret installation. Please run: `pip install kmodes` to install.
Alternately, you can install this by running `pip install pycaret[models]`
2025-10-03 12:07:58,371:WARNING:
'kmodes' is a soft dependency and not included in the pycaret installation. Please run: `pip install kmodes` to install.
Alternately, you can install this by running `pip install pycaret[models]`
2025-10-03 12:07:58,396:INFO:Preparing preprocessing pipeline...
2025-10-03 12:07:58,396:INFO:Set up simple imputation.
2025-10-03 12:07:58,419:INFO:Finished creating preprocessing pipeline.
2025-10-03 12:07:58,422:INFO:Pipeline: Pipeline(memory=FastMemory(location=C:\Users\marco\AppData\Local\Temp\joblib),
         steps=[('numerical_imputer',
                 TransformerWrapper(include=['Animação', 'Aventura', 'Ação',
                                             'Biografia', 'Comédia', 'Drama',
                                             'Família', 'Fantasia',
                                             'Ficção científica', 'Guerra',
                                             'História', 'Mistério', 'Musical',
                                             'Romance', 'Suspense', 'ajud',
                                             'am', 'amig', 'ano', 'assassin',
                                             'assassinat', 'busc', 'cac', 'cas',
                                             'cidad', 'confront', 'contr',
                                             'crim', 'decid', 'descobr', ...],
                                    transformer=SimpleImputer())),
                ('categorical_imputer',
                 TransformerWrapper(include=[],
                                    transformer=SimpleImputer(strategy='most_frequent')))])
2025-10-03 12:07:58,422:INFO:Creating final display dataframe.
2025-10-03 12:07:58,440:INFO:Setup _display_container:                Description                 Value
0               Session id                   123
1      Original data shape             (250, 81)
2   Transformed data shape             (250, 79)
3          Ignore features                     2
4         Numeric features                    79
5               Preprocess                  True
6          Imputation type                simple
7       Numeric imputation                  mean
8   Categorical imputation                  mode
9                 CPU Jobs                    -1
10                 Use GPU                 False
11          Log Experiment                 False
12         Experiment Name  cluster-default-name
13                     USI                  96f8
2025-10-03 12:07:58,440:WARNING:
'kmodes' is a soft dependency and not included in the pycaret installation. Please run: `pip install kmodes` to install.
Alternately, you can install this by running `pip install pycaret[models]`
2025-10-03 12:07:58,440:WARNING:
'kmodes' is a soft dependency and not included in the pycaret installation. Please run: `pip install kmodes` to install.
Alternately, you can install this by running `pip install pycaret[models]`
2025-10-03 12:07:58,440:INFO:setup() successfully completed in 1.09s...............
2025-10-03 12:07:58,441:INFO:Initializing create_model()
2025-10-03 12:07:58,441:INFO:create_model(self=<pycaret.clustering.oop.ClusteringExperiment object at 0x0000024C33D13EE0>, estimator=kmeans, num_clusters=4, fraction=0.05, ground_truth=None, round=4, fit_kwargs=None, experiment_custom_tags=None, verbose=False, system=True, add_to_model_list=True, raise_num_clusters=False, display=None, kwargs={})
2025-10-03 12:07:58,441:INFO:Checking exceptions
2025-10-03 12:07:58,450:INFO:Importing untrained model
2025-10-03 12:07:58,450:INFO:K-Means Clustering Imported successfully
2025-10-03 12:07:58,451:INFO:Fitting Model
2025-10-03 12:07:58,476:WARNING:C:\Users\marco\AppData\Local\Programs\Python\Python310\lib\site-packages\sklearn\cluster\_kmeans.py:870: FutureWarning: The default value of `n_init` will change from 10 to 'auto' in 1.4. Set the value of `n_init` explicitly to suppress the warning
  warnings.warn(

2025-10-03 12:07:58,688:INFO:KMeans(n_clusters=4, random_state=123)
2025-10-03 12:07:58,688:INFO:create_models() successfully completed......................................
2025-10-03 12:07:58,688:INFO:Uploading results into container
2025-10-03 12:07:58,690:INFO:Uploading model into container now
2025-10-03 12:07:58,690:INFO:_master_model_container: 1
2025-10-03 12:07:58,690:INFO:_display_container: 2
2025-10-03 12:07:58,690:INFO:KMeans(n_clusters=4, random_state=123)
2025-10-03 12:07:58,692:INFO:create_model() successfully completed......................................
2025-10-03 12:07:58,756:INFO:Initializing create_model()
2025-10-03 12:07:58,756:INFO:create_model(self=<pycaret.clustering.oop.ClusteringExperiment object at 0x0000024C33D13EE0>, estimator=kmeans, num_clusters=5, fraction=0.05, ground_truth=None, round=4, fit_kwargs=None, experiment_custom_tags=None, verbose=False, system=True, add_to_model_list=True, raise_num_clusters=False, display=None, kwargs={})
2025-10-03 12:07:58,756:INFO:Checking exceptions
2025-10-03 12:07:58,779:INFO:Importing untrained model
2025-10-03 12:07:58,779:INFO:K-Means Clustering Imported successfully
2025-10-03 12:07:58,779:INFO:Fitting Model
2025-10-03 12:07:58,792:WARNING:C:\Users\marco\AppData\Local\Programs\Python\Python310\lib\site-packages\sklearn\cluster\_kmeans.py:870: FutureWarning: The default value of `n_init` will change from 10 to 'auto' in 1.4. Set the value of `n_init` explicitly to suppress the warning
  warnings.warn(

2025-10-03 12:07:58,843:INFO:KMeans(n_clusters=5, random_state=123)
2025-10-03 12:07:58,843:INFO:create_models() successfully completed......................................
2025-10-03 12:07:58,843:INFO:Uploading results into container
2025-10-03 12:07:58,845:INFO:Uploading model into container now
2025-10-03 12:07:58,845:INFO:_master_model_container: 2
2025-10-03 12:07:58,845:INFO:_display_container: 3
2025-10-03 12:07:58,845:INFO:KMeans(n_clusters=5, random_state=123)
2025-10-03 12:07:58,846:INFO:create_model() successfully completed......................................
2025-10-03 12:07:58,941:INFO:Initializing create_model()
2025-10-03 12:07:58,941:INFO:create_model(self=<pycaret.clustering.oop.ClusteringExperiment object at 0x0000024C33D13EE0>, estimator=kmeans, num_clusters=6, fraction=0.05, ground_truth=None, round=4, fit_kwargs=None, experiment_custom_tags=None, verbose=False, system=True, add_to_model_list=True, raise_num_clusters=False, display=None, kwargs={})
2025-10-03 12:07:58,941:INFO:Checking exceptions
2025-10-03 12:07:58,959:INFO:Importing untrained model
2025-10-03 12:07:58,959:INFO:K-Means Clustering Imported successfully
2025-10-03 12:07:58,959:INFO:Fitting Model
2025-10-03 12:07:59,029:INFO:KMeans(n_clusters=6, random_state=123)
2025-10-03 12:07:59,029:INFO:create_models() successfully completed......................................
2025-10-03 12:07:59,029:INFO:Uploading results into container
2025-10-03 12:07:59,030:INFO:Uploading model into container now
2025-10-03 12:07:59,030:INFO:_master_model_container: 3
2025-10-03 12:07:59,030:INFO:_display_container: 4
2025-10-03 12:07:59,030:INFO:KMeans(n_clusters=6, random_state=123)
2025-10-03 12:07:59,030:INFO:create_model() successfully completed......................................
2025-10-03 12:07:59,100:INFO:Initializing create_model()
2025-10-03 12:07:59,100:INFO:create_model(self=<pycaret.clustering.oop.ClusteringExperiment object at 0x0000024C33D13EE0>, estimator=kmeans, num_clusters=7, fraction=0.05, ground_truth=None, round=4, fit_kwargs=None, experiment_custom_tags=None, verbose=False, system=True, add_to_model_list=True, raise_num_clusters=False, display=None, kwargs={})
2025-10-03 12:07:59,100:INFO:Checking exceptions
2025-10-03 12:07:59,112:INFO:Importing untrained model
2025-10-03 12:07:59,112:INFO:K-Means Clustering Imported successfully
2025-10-03 12:07:59,112:INFO:Fitting Model
2025-10-03 12:07:59,123:WARNING:C:\Users\marco\AppData\Local\Programs\Python\Python310\lib\site-packages\sklearn\cluster\_kmeans.py:870: FutureWarning: The default value of `n_init` will change from 10 to 'auto' in 1.4. Set the value of `n_init` explicitly to suppress the warning
  warnings.warn(

2025-10-03 12:07:59,180:INFO:KMeans(n_clusters=7, random_state=123)
2025-10-03 12:07:59,180:INFO:create_models() successfully completed......................................
2025-10-03 12:07:59,180:INFO:Uploading results into container
2025-10-03 12:07:59,181:INFO:Uploading model into container now
2025-10-03 12:07:59,182:INFO:_master_model_container: 4
2025-10-03 12:07:59,182:INFO:_display_container: 5
2025-10-03 12:07:59,182:INFO:KMeans(n_clusters=7, random_state=123)
2025-10-03 12:07:59,182:INFO:create_model() successfully completed......................................
2025-10-03 12:07:59,268:INFO:Initializing create_model()
2025-10-03 12:07:59,268:INFO:create_model(self=<pycaret.clustering.oop.ClusteringExperiment object at 0x0000024C33D13EE0>, estimator=kmeans, num_clusters=8, fraction=0.05, ground_truth=None, round=4, fit_kwargs=None, experiment_custom_tags=None, verbose=False, system=True, add_to_model_list=True, raise_num_clusters=False, display=None, kwargs={})
2025-10-03 12:07:59,268:INFO:Checking exceptions
2025-10-03 12:07:59,282:INFO:Importing untrained model
2025-10-03 12:07:59,282:INFO:K-Means Clustering Imported successfully
2025-10-03 12:07:59,282:INFO:Fitting Model
2025-10-03 12:07:59,286:WARNING:C:\Users\marco\AppData\Local\Programs\Python\Python310\lib\site-packages\sklearn\cluster\_kmeans.py:870: FutureWarning: The default value of `n_init` will change from 10 to 'auto' in 1.4. Set the value of `n_init` explicitly to suppress the warning
  warnings.warn(

2025-10-03 12:07:59,348:INFO:KMeans(random_state=123)
2025-10-03 12:07:59,348:INFO:create_models() successfully completed......................................
2025-10-03 12:07:59,348:INFO:Uploading results into container
2025-10-03 12:07:59,350:INFO:Uploading model into container now
2025-10-03 12:07:59,350:INFO:_master_model_container: 5
2025-10-03 12:07:59,350:INFO:_display_container: 6
2025-10-03 12:07:59,350:INFO:KMeans(random_state=123)
2025-10-03 12:07:59,350:INFO:create_model() successfully completed......................................
2025-10-03 12:07:59,445:INFO:Initializing create_model()
2025-10-03 12:07:59,445:INFO:create_model(self=<pycaret.clustering.oop.ClusteringExperiment object at 0x0000024C33D13EE0>, estimator=kmeans, num_clusters=9, fraction=0.05, ground_truth=None, round=4, fit_kwargs=None, experiment_custom_tags=None, verbose=False, system=True, add_to_model_list=True, raise_num_clusters=False, display=None, kwargs={})
2025-10-03 12:07:59,445:INFO:Checking exceptions
2025-10-03 12:07:59,456:INFO:Importing untrained model
2025-10-03 12:07:59,456:INFO:K-Means Clustering Imported successfully
2025-10-03 12:07:59,456:INFO:Fitting Model
2025-10-03 12:07:59,467:WARNING:C:\Users\marco\AppData\Local\Programs\Python\Python310\lib\site-packages\sklearn\cluster\_kmeans.py:870: FutureWarning: The default value of `n_init` will change from 10 to 'auto' in 1.4. Set the value of `n_init` explicitly to suppress the warning
  warnings.warn(

2025-10-03 12:07:59,523:INFO:KMeans(n_clusters=9, random_state=123)
2025-10-03 12:07:59,523:INFO:create_models() successfully completed......................................
2025-10-03 12:07:59,524:INFO:Uploading results into container
2025-10-03 12:07:59,525:INFO:Uploading model into container now
2025-10-03 12:07:59,525:INFO:_master_model_container: 6
2025-10-03 12:07:59,525:INFO:_display_container: 7
2025-10-03 12:07:59,526:INFO:KMeans(n_clusters=9, random_state=123)
2025-10-03 12:07:59,526:INFO:create_model() successfully completed......................................
2025-10-03 12:07:59,612:INFO:Initializing create_model()
2025-10-03 12:07:59,612:INFO:create_model(self=<pycaret.clustering.oop.ClusteringExperiment object at 0x0000024C33D13EE0>, estimator=kmeans, num_clusters=10, fraction=0.05, ground_truth=None, round=4, fit_kwargs=None, experiment_custom_tags=None, verbose=False, system=True, add_to_model_list=True, raise_num_clusters=False, display=None, kwargs={})
2025-10-03 12:07:59,612:INFO:Checking exceptions
2025-10-03 12:07:59,612:INFO:Importing untrained model
2025-10-03 12:07:59,612:INFO:K-Means Clustering Imported successfully
2025-10-03 12:07:59,612:INFO:Fitting Model
2025-10-03 12:07:59,634:WARNING:C:\Users\marco\AppData\Local\Programs\Python\Python310\lib\site-packages\sklearn\cluster\_kmeans.py:870: FutureWarning: The default value of `n_init` will change from 10 to 'auto' in 1.4. Set the value of `n_init` explicitly to suppress the warning
  warnings.warn(

2025-10-03 12:07:59,693:INFO:KMeans(n_clusters=10, random_state=123)
2025-10-03 12:07:59,693:INFO:create_models() successfully completed......................................
2025-10-03 12:07:59,693:INFO:Uploading results into container
2025-10-03 12:07:59,695:INFO:Uploading model into container now
2025-10-03 12:07:59,695:INFO:_master_model_container: 7
2025-10-03 12:07:59,695:INFO:_display_container: 8
2025-10-03 12:07:59,695:INFO:KMeans(n_clusters=10, random_state=123)
2025-10-03 12:07:59,695:INFO:create_model() successfully completed......................................
2025-10-03 12:07:59,784:INFO:Initializing create_model()
2025-10-03 12:07:59,784:INFO:create_model(self=<pycaret.clustering.oop.ClusteringExperiment object at 0x0000024C33D13EE0>, estimator=kmeans, num_clusters=11, fraction=0.05, ground_truth=None, round=4, fit_kwargs=None, experiment_custom_tags=None, verbose=False, system=True, add_to_model_list=True, raise_num_clusters=False, display=None, kwargs={})
2025-10-03 12:07:59,784:INFO:Checking exceptions
2025-10-03 12:07:59,794:INFO:Importing untrained model
2025-10-03 12:07:59,795:INFO:K-Means Clustering Imported successfully
2025-10-03 12:07:59,795:INFO:Fitting Model
2025-10-03 12:07:59,802:WARNING:C:\Users\marco\AppData\Local\Programs\Python\Python310\lib\site-packages\sklearn\cluster\_kmeans.py:870: FutureWarning: The default value of `n_init` will change from 10 to 'auto' in 1.4. Set the value of `n_init` explicitly to suppress the warning
  warnings.warn(

2025-10-03 12:07:59,866:INFO:KMeans(n_clusters=11, random_state=123)
2025-10-03 12:07:59,869:INFO:create_models() successfully completed......................................
2025-10-03 12:07:59,869:INFO:Uploading results into container
2025-10-03 12:07:59,869:INFO:Uploading model into container now
2025-10-03 12:07:59,869:INFO:_master_model_container: 8
2025-10-03 12:07:59,871:INFO:_display_container: 9
2025-10-03 12:07:59,871:INFO:KMeans(n_clusters=11, random_state=123)
2025-10-03 12:07:59,871:INFO:create_model() successfully completed......................................
2025-10-03 12:07:59,964:INFO:Initializing create_model()
2025-10-03 12:07:59,964:INFO:create_model(self=<pycaret.clustering.oop.ClusteringExperiment object at 0x0000024C33D13EE0>, estimator=kmeans, num_clusters=12, fraction=0.05, ground_truth=None, round=4, fit_kwargs=None, experiment_custom_tags=None, verbose=False, system=True, add_to_model_list=True, raise_num_clusters=False, display=None, kwargs={})
2025-10-03 12:07:59,965:INFO:Checking exceptions
2025-10-03 12:07:59,975:INFO:Importing untrained model
2025-10-03 12:07:59,975:INFO:K-Means Clustering Imported successfully
2025-10-03 12:07:59,975:INFO:Fitting Model
2025-10-03 12:07:59,986:WARNING:C:\Users\marco\AppData\Local\Programs\Python\Python310\lib\site-packages\sklearn\cluster\_kmeans.py:870: FutureWarning: The default value of `n_init` will change from 10 to 'auto' in 1.4. Set the value of `n_init` explicitly to suppress the warning
  warnings.warn(

2025-10-03 12:08:00,050:INFO:KMeans(n_clusters=12, random_state=123)
2025-10-03 12:08:00,050:INFO:create_models() successfully completed......................................
2025-10-03 12:08:00,050:INFO:Uploading results into container
2025-10-03 12:08:00,052:INFO:Uploading model into container now
2025-10-03 12:08:00,052:INFO:_master_model_container: 9
2025-10-03 12:08:00,052:INFO:_display_container: 10
2025-10-03 12:08:00,052:INFO:KMeans(n_clusters=12, random_state=123)
2025-10-03 12:08:00,052:INFO:create_model() successfully completed......................................
2025-10-03 12:08:00,143:INFO:Initializing create_model()
2025-10-03 12:08:00,143:INFO:create_model(self=<pycaret.clustering.oop.ClusteringExperiment object at 0x0000024C33D13EE0>, estimator=kmeans, num_clusters=13, fraction=0.05, ground_truth=None, round=4, fit_kwargs=None, experiment_custom_tags=None, verbose=False, system=True, add_to_model_list=True, raise_num_clusters=False, display=None, kwargs={})
2025-10-03 12:08:00,143:INFO:Checking exceptions
2025-10-03 12:08:00,150:INFO:Importing untrained model
2025-10-03 12:08:00,150:INFO:K-Means Clustering Imported successfully
2025-10-03 12:08:00,150:INFO:Fitting Model
2025-10-03 12:08:00,167:WARNING:C:\Users\marco\AppData\Local\Programs\Python\Python310\lib\site-packages\sklearn\cluster\_kmeans.py:870: FutureWarning: The default value of `n_init` will change from 10 to 'auto' in 1.4. Set the value of `n_init` explicitly to suppress the warning
  warnings.warn(

2025-10-03 12:08:00,235:INFO:KMeans(n_clusters=13, random_state=123)
2025-10-03 12:08:00,235:INFO:create_models() successfully completed......................................
2025-10-03 12:08:00,235:INFO:Uploading results into container
2025-10-03 12:08:00,237:INFO:Uploading model into container now
2025-10-03 12:08:00,237:INFO:_master_model_container: 10
2025-10-03 12:08:00,237:INFO:_display_container: 11
2025-10-03 12:08:00,237:INFO:KMeans(n_clusters=13, random_state=123)
2025-10-03 12:08:00,239:INFO:create_model() successfully completed......................................
2025-10-03 12:08:00,332:INFO:Initializing create_model()
2025-10-03 12:08:00,332:INFO:create_model(self=<pycaret.clustering.oop.ClusteringExperiment object at 0x0000024C33D13EE0>, estimator=kmeans, num_clusters=14, fraction=0.05, ground_truth=None, round=4, fit_kwargs=None, experiment_custom_tags=None, verbose=False, system=True, add_to_model_list=True, raise_num_clusters=False, display=None, kwargs={})
2025-10-03 12:08:00,332:INFO:Checking exceptions
2025-10-03 12:08:00,333:INFO:Importing untrained model
2025-10-03 12:08:00,333:INFO:K-Means Clustering Imported successfully
2025-10-03 12:08:00,333:INFO:Fitting Model
2025-10-03 12:08:00,353:WARNING:C:\Users\marco\AppData\Local\Programs\Python\Python310\lib\site-packages\sklearn\cluster\_kmeans.py:870: FutureWarning: The default value of `n_init` will change from 10 to 'auto' in 1.4. Set the value of `n_init` explicitly to suppress the warning
  warnings.warn(

2025-10-03 12:08:00,419:INFO:KMeans(n_clusters=14, random_state=123)
2025-10-03 12:08:00,421:INFO:create_models() successfully completed......................................
2025-10-03 12:08:00,421:INFO:Uploading results into container
2025-10-03 12:08:00,421:INFO:Uploading model into container now
2025-10-03 12:08:00,421:INFO:_master_model_container: 11
2025-10-03 12:08:00,421:INFO:_display_container: 12
2025-10-03 12:08:00,423:INFO:KMeans(n_clusters=14, random_state=123)
2025-10-03 12:08:00,423:INFO:create_model() successfully completed......................................
2025-10-03 12:08:00,502:INFO:Initializing create_model()
2025-10-03 12:08:00,502:INFO:create_model(self=<pycaret.clustering.oop.ClusteringExperiment object at 0x0000024C33D13EE0>, estimator=kmeans, num_clusters=15, fraction=0.05, ground_truth=None, round=4, fit_kwargs=None, experiment_custom_tags=None, verbose=False, system=True, add_to_model_list=True, raise_num_clusters=False, display=None, kwargs={})
2025-10-03 12:08:00,502:INFO:Checking exceptions
2025-10-03 12:08:00,516:INFO:Importing untrained model
2025-10-03 12:08:00,516:INFO:K-Means Clustering Imported successfully
2025-10-03 12:08:00,516:INFO:Fitting Model
2025-10-03 12:08:00,534:WARNING:C:\Users\marco\AppData\Local\Programs\Python\Python310\lib\site-packages\sklearn\cluster\_kmeans.py:870: FutureWarning: The default value of `n_init` will change from 10 to 'auto' in 1.4. Set the value of `n_init` explicitly to suppress the warning
  warnings.warn(

2025-10-03 12:08:00,602:INFO:KMeans(n_clusters=15, random_state=123)
2025-10-03 12:08:00,602:INFO:create_models() successfully completed......................................
2025-10-03 12:08:00,602:INFO:Uploading results into container
2025-10-03 12:08:00,604:INFO:Uploading model into container now
2025-10-03 12:08:00,604:INFO:_master_model_container: 12
2025-10-03 12:08:00,604:INFO:_display_container: 13
2025-10-03 12:08:00,604:INFO:KMeans(n_clusters=15, random_state=123)
2025-10-03 12:08:00,604:INFO:create_model() successfully completed......................................
2025-10-03 12:09:55,953:WARNING:
'cuml' is a soft dependency and not included in the pycaret installation. Please run: `pip install cuml` to install.
2025-10-03 12:09:55,953:WARNING:
'cuml' is a soft dependency and not included in the pycaret installation. Please run: `pip install cuml` to install.
2025-10-03 12:09:55,953:WARNING:
'cuml' is a soft dependency and not included in the pycaret installation. Please run: `pip install cuml` to install.
2025-10-03 12:09:55,953:WARNING:
'cuml' is a soft dependency and not included in the pycaret installation. Please run: `pip install cuml` to install.
2025-10-03 12:09:55,964:WARNING:
'prophet' is a soft dependency and not included in the pycaret installation. Please run: `pip install prophet` to install.
2025-10-03 12:09:56,907:INFO:PyCaret ClusteringExperiment
2025-10-03 12:09:56,907:INFO:Logging name: cluster-default-name
2025-10-03 12:09:56,907:INFO:ML Usecase: MLUsecase.CLUSTERING
2025-10-03 12:09:56,907:INFO:version 3.0.1
2025-10-03 12:09:56,907:INFO:Initializing setup()
2025-10-03 12:09:56,907:INFO:self.USI: 90d1
2025-10-03 12:09:56,907:INFO:self._variable_keys: {'_available_plots', 'USI', 'n_jobs_param', 'log_plots_param', '_ml_usecase', 'pipeline', 'memory', 'exp_id', 'html_param', 'exp_name_log', 'logging_param', 'idx', 'gpu_n_jobs_param', 'data', 'X', 'seed', 'gpu_param'}
2025-10-03 12:09:56,907:INFO:Checking environment
2025-10-03 12:09:56,907:INFO:python_version: 3.10.11
2025-10-03 12:09:56,907:INFO:python_build: ('tags/v3.10.11:7d4cc5a', 'Apr  5 2023 00:38:17')
2025-10-03 12:09:56,907:INFO:machine: AMD64
2025-10-03 12:09:56,914:INFO:platform: Windows-10-10.0.26100-SP0
2025-10-03 12:09:56,914:INFO:Memory: svmem(total=34240745472, available=20588101632, percent=39.9, used=13652643840, free=20588101632)
2025-10-03 12:09:56,914:INFO:Physical Core: 8
2025-10-03 12:09:56,914:INFO:Logical Core: 16
2025-10-03 12:09:56,914:INFO:Checking libraries
2025-10-03 12:09:56,914:INFO:System:
2025-10-03 12:09:56,915:INFO:    python: 3.10.11 (tags/v3.10.11:7d4cc5a, Apr  5 2023, 00:38:17) [MSC v.1929 64 bit (AMD64)]
2025-10-03 12:09:56,915:INFO:executable: C:\Users\marco\AppData\Local\Programs\Python\Python310\python.exe
2025-10-03 12:09:56,915:INFO:   machine: Windows-10-10.0.26100-SP0
2025-10-03 12:09:56,915:INFO:PyCaret required dependencies:
2025-10-03 12:09:56,955:INFO:                 pip: 23.0.1
2025-10-03 12:09:56,955:INFO:          setuptools: 65.5.0
2025-10-03 12:09:56,955:INFO:             pycaret: 3.0.1
2025-10-03 12:09:56,955:INFO:             IPython: 8.36.0
2025-10-03 12:09:56,955:INFO:          ipywidgets: 8.1.7
2025-10-03 12:09:56,955:INFO:                tqdm: 4.67.1
2025-10-03 12:09:56,955:INFO:               numpy: 1.26.4
2025-10-03 12:09:56,955:INFO:              pandas: 1.5.3
2025-10-03 12:09:56,955:INFO:              jinja2: 3.1.6
2025-10-03 12:09:56,956:INFO:               scipy: 1.11.4
2025-10-03 12:09:56,956:INFO:              joblib: 1.3.2
2025-10-03 12:09:56,956:INFO:             sklearn: 1.2.2
2025-10-03 12:09:56,956:INFO:                pyod: 2.0.5
2025-10-03 12:09:56,956:INFO:            imblearn: 0.12.4
2025-10-03 12:09:56,956:INFO:   category_encoders: 2.7.0
2025-10-03 12:09:56,956:INFO:            lightgbm: 4.6.0
2025-10-03 12:09:56,956:INFO:               numba: 0.60.0
2025-10-03 12:09:56,956:INFO:            requests: 2.32.3
2025-10-03 12:09:56,956:INFO:          matplotlib: 3.10.1
2025-10-03 12:09:56,956:INFO:          scikitplot: 0.3.7
2025-10-03 12:09:56,956:INFO:         yellowbrick: 1.5
2025-10-03 12:09:56,956:INFO:              plotly: 5.24.1
2025-10-03 12:09:56,956:INFO:             kaleido: 0.2.1
2025-10-03 12:09:56,956:INFO:         statsmodels: 0.14.4
2025-10-03 12:09:56,956:INFO:              sktime: 0.17.0
2025-10-03 12:09:56,956:INFO:               tbats: 1.1.3
2025-10-03 12:09:56,956:INFO:            pmdarima: 2.0.4
2025-10-03 12:09:56,956:INFO:              psutil: 7.0.0
2025-10-03 12:09:56,956:INFO:PyCaret optional dependencies:
2025-10-03 12:09:57,216:INFO:                shap: Not installed
2025-10-03 12:09:57,216:INFO:           interpret: Not installed
2025-10-03 12:09:57,216:INFO:                umap: Not installed
2025-10-03 12:09:57,216:INFO:    pandas_profiling: Not installed
2025-10-03 12:09:57,216:INFO:  explainerdashboard: Not installed
2025-10-03 12:09:57,216:INFO:             autoviz: Not installed
2025-10-03 12:09:57,216:INFO:           fairlearn: Not installed
2025-10-03 12:09:57,216:INFO:             xgboost: Not installed
2025-10-03 12:09:57,216:INFO:            catboost: Not installed
2025-10-03 12:09:57,216:INFO:              kmodes: Not installed
2025-10-03 12:09:57,216:INFO:             mlxtend: Not installed
2025-10-03 12:09:57,216:INFO:       statsforecast: Not installed
2025-10-03 12:09:57,216:INFO:        tune_sklearn: Not installed
2025-10-03 12:09:57,216:INFO:                 ray: Not installed
2025-10-03 12:09:57,216:INFO:            hyperopt: Not installed
2025-10-03 12:09:57,216:INFO:              optuna: Not installed
2025-10-03 12:09:57,216:INFO:               skopt: Not installed
2025-10-03 12:09:57,216:INFO:              mlflow: Not installed
2025-10-03 12:09:57,216:INFO:              gradio: Not installed
2025-10-03 12:09:57,216:INFO:             fastapi: 0.115.9
2025-10-03 12:09:57,216:INFO:             uvicorn: 0.34.2
2025-10-03 12:09:57,216:INFO:              m2cgen: Not installed
2025-10-03 12:09:57,216:INFO:           evidently: Not installed
2025-10-03 12:09:57,216:INFO:               fugue: Not installed
2025-10-03 12:09:57,216:INFO:           streamlit: 1.45.0
2025-10-03 12:09:57,216:INFO:             prophet: Not installed
2025-10-03 12:09:57,216:INFO:None
2025-10-03 12:09:57,216:INFO:Set up data.
2025-10-03 12:09:57,293:INFO:Set up index.
2025-10-03 12:09:57,293:INFO:Assigning column types.
2025-10-03 12:09:57,293:INFO:Engine successfully changes for model 'kmeans' to 'sklearn'.
2025-10-03 12:09:57,293:INFO:Engine for model 'dbscan' has not been set explicitly, hence returning None.
2025-10-03 12:09:57,293:WARNING:
'kmodes' is a soft dependency and not included in the pycaret installation. Please run: `pip install kmodes` to install.
Alternately, you can install this by running `pip install pycaret[models]`
2025-10-03 12:09:57,293:INFO:Engine for model 'dbscan' has not been set explicitly, hence returning None.
2025-10-03 12:09:57,293:WARNING:
'kmodes' is a soft dependency and not included in the pycaret installation. Please run: `pip install kmodes` to install.
Alternately, you can install this by running `pip install pycaret[models]`
2025-10-03 12:09:57,293:INFO:Engine successfully changes for model 'dbscan' to 'sklearn'.
2025-10-03 12:09:57,293:WARNING:
'kmodes' is a soft dependency and not included in the pycaret installation. Please run: `pip install kmodes` to install.
Alternately, you can install this by running `pip install pycaret[models]`
2025-10-03 12:09:57,293:WARNING:
'kmodes' is a soft dependency and not included in the pycaret installation. Please run: `pip install kmodes` to install.
Alternately, you can install this by running `pip install pycaret[models]`
2025-10-03 12:09:57,293:INFO:Preparing preprocessing pipeline...
2025-10-03 12:09:57,293:INFO:Set up simple imputation.
2025-10-03 12:09:57,309:INFO:Finished creating preprocessing pipeline.
2025-10-03 12:09:57,309:INFO:Pipeline: Pipeline(memory=FastMemory(location=C:\Users\marco\AppData\Local\Temp\joblib),
         steps=[('numerical_imputer',
                 TransformerWrapper(include=['Animação', 'Aventura', 'Ação',
                                             'Biografia', 'Comédia', 'Drama',
                                             'Família', 'Fantasia',
                                             'Ficção científica', 'Guerra',
                                             'História', 'Mistério', 'Musical',
                                             'Romance', 'Suspense', 'ajud',
                                             'am', 'amig', 'ano', 'assassin',
                                             'assassinat', 'busc', 'cac', 'cas',
                                             'cidad', 'confront', 'contr',
                                             'crim', 'decid', 'descobr', ...],
                                    transformer=SimpleImputer())),
                ('categorical_imputer',
                 TransformerWrapper(include=[],
                                    transformer=SimpleImputer(strategy='most_frequent')))])
2025-10-03 12:09:57,309:INFO:Creating final display dataframe.
2025-10-03 12:09:57,336:INFO:Setup _display_container:                Description                 Value
0               Session id                   123
1      Original data shape             (250, 81)
2   Transformed data shape             (250, 79)
3          Ignore features                     2
4         Numeric features                    79
5               Preprocess                  True
6          Imputation type                simple
7       Numeric imputation                  mean
8   Categorical imputation                  mode
9                 CPU Jobs                    -1
10                 Use GPU                 False
11          Log Experiment                 False
12         Experiment Name  cluster-default-name
13                     USI                  90d1
2025-10-03 12:09:57,336:WARNING:
'kmodes' is a soft dependency and not included in the pycaret installation. Please run: `pip install kmodes` to install.
Alternately, you can install this by running `pip install pycaret[models]`
2025-10-03 12:09:57,336:WARNING:
'kmodes' is a soft dependency and not included in the pycaret installation. Please run: `pip install kmodes` to install.
Alternately, you can install this by running `pip install pycaret[models]`
2025-10-03 12:09:57,336:INFO:setup() successfully completed in 0.43s...............
2025-10-03 12:09:57,337:INFO:Initializing create_model()
2025-10-03 12:09:57,337:INFO:create_model(self=<pycaret.clustering.oop.ClusteringExperiment object at 0x00000221CA864250>, estimator=kmeans, num_clusters=4, fraction=0.05, ground_truth=None, round=4, fit_kwargs=None, experiment_custom_tags=None, verbose=False, system=True, add_to_model_list=True, raise_num_clusters=False, display=None, kwargs={})
2025-10-03 12:09:57,337:INFO:Checking exceptions
2025-10-03 12:09:57,345:INFO:Importing untrained model
2025-10-03 12:09:57,346:INFO:K-Means Clustering Imported successfully
2025-10-03 12:09:57,346:INFO:Fitting Model
2025-10-03 12:09:57,370:INFO:KMeans(n_clusters=4, random_state=123)
2025-10-03 12:09:57,370:INFO:create_models() successfully completed......................................
2025-10-03 12:09:57,370:INFO:Uploading results into container
2025-10-03 12:09:57,370:INFO:Uploading model into container now
2025-10-03 12:09:57,370:INFO:_master_model_container: 1
2025-10-03 12:09:57,370:INFO:_display_container: 2
2025-10-03 12:09:57,370:INFO:KMeans(n_clusters=4, random_state=123)
2025-10-03 12:09:57,370:INFO:create_model() successfully completed......................................
2025-10-03 12:09:57,447:INFO:Initializing create_model()
2025-10-03 12:09:57,447:INFO:create_model(self=<pycaret.clustering.oop.ClusteringExperiment object at 0x00000221CA864250>, estimator=kmeans, num_clusters=5, fraction=0.05, ground_truth=None, round=4, fit_kwargs=None, experiment_custom_tags=None, verbose=False, system=True, add_to_model_list=True, raise_num_clusters=False, display=None, kwargs={})
2025-10-03 12:09:57,447:INFO:Checking exceptions
2025-10-03 12:09:57,455:INFO:Importing untrained model
2025-10-03 12:09:57,455:INFO:K-Means Clustering Imported successfully
2025-10-03 12:09:57,455:INFO:Fitting Model
2025-10-03 12:09:57,470:WARNING:C:\Users\marco\AppData\Local\Programs\Python\Python310\lib\site-packages\sklearn\cluster\_kmeans.py:870: FutureWarning: The default value of `n_init` will change from 10 to 'auto' in 1.4. Set the value of `n_init` explicitly to suppress the warning
  warnings.warn(

2025-10-03 12:09:57,675:INFO:KMeans(n_clusters=5, random_state=123)
2025-10-03 12:09:57,675:INFO:create_models() successfully completed......................................
2025-10-03 12:09:57,675:INFO:Uploading results into container
2025-10-03 12:09:57,678:INFO:Uploading model into container now
2025-10-03 12:09:57,678:INFO:_master_model_container: 2
2025-10-03 12:09:57,678:INFO:_display_container: 3
2025-10-03 12:09:57,678:INFO:KMeans(n_clusters=5, random_state=123)
2025-10-03 12:09:57,678:INFO:create_model() successfully completed......................................
2025-10-03 12:09:57,754:INFO:Initializing create_model()
2025-10-03 12:09:57,754:INFO:create_model(self=<pycaret.clustering.oop.ClusteringExperiment object at 0x00000221CA864250>, estimator=kmeans, num_clusters=6, fraction=0.05, ground_truth=None, round=4, fit_kwargs=None, experiment_custom_tags=None, verbose=False, system=True, add_to_model_list=True, raise_num_clusters=False, display=None, kwargs={})
2025-10-03 12:09:57,762:INFO:Checking exceptions
2025-10-03 12:09:57,769:INFO:Importing untrained model
2025-10-03 12:09:57,769:INFO:K-Means Clustering Imported successfully
2025-10-03 12:09:57,773:INFO:Fitting Model
2025-10-03 12:09:57,788:INFO:KMeans(n_clusters=6, random_state=123)
2025-10-03 12:09:57,788:INFO:create_models() successfully completed......................................
2025-10-03 12:09:57,788:INFO:Uploading results into container
2025-10-03 12:09:57,790:INFO:Uploading model into container now
2025-10-03 12:09:57,790:INFO:_master_model_container: 3
2025-10-03 12:09:57,790:INFO:_display_container: 4
2025-10-03 12:09:57,790:INFO:KMeans(n_clusters=6, random_state=123)
2025-10-03 12:09:57,790:INFO:create_model() successfully completed......................................
2025-10-03 12:09:57,880:INFO:Initializing create_model()
2025-10-03 12:09:57,880:INFO:create_model(self=<pycaret.clustering.oop.ClusteringExperiment object at 0x00000221CA864250>, estimator=kmeans, num_clusters=7, fraction=0.05, ground_truth=None, round=4, fit_kwargs=None, experiment_custom_tags=None, verbose=False, system=True, add_to_model_list=True, raise_num_clusters=False, display=None, kwargs={})
2025-10-03 12:09:57,880:INFO:Checking exceptions
2025-10-03 12:09:57,885:INFO:Importing untrained model
2025-10-03 12:09:57,885:INFO:K-Means Clustering Imported successfully
2025-10-03 12:09:57,885:INFO:Fitting Model
2025-10-03 12:09:57,902:WARNING:C:\Users\marco\AppData\Local\Programs\Python\Python310\lib\site-packages\sklearn\cluster\_kmeans.py:870: FutureWarning: The default value of `n_init` will change from 10 to 'auto' in 1.4. Set the value of `n_init` explicitly to suppress the warning
  warnings.warn(

2025-10-03 12:09:57,954:INFO:KMeans(n_clusters=7, random_state=123)
2025-10-03 12:09:57,954:INFO:create_models() successfully completed......................................
2025-10-03 12:09:57,954:INFO:Uploading results into container
2025-10-03 12:09:57,956:INFO:Uploading model into container now
2025-10-03 12:09:57,956:INFO:_master_model_container: 4
2025-10-03 12:09:57,956:INFO:_display_container: 5
2025-10-03 12:09:57,956:INFO:KMeans(n_clusters=7, random_state=123)
2025-10-03 12:09:57,956:INFO:create_model() successfully completed......................................
2025-10-03 12:09:58,050:INFO:Initializing create_model()
2025-10-03 12:09:58,050:INFO:create_model(self=<pycaret.clustering.oop.ClusteringExperiment object at 0x00000221CA864250>, estimator=kmeans, num_clusters=8, fraction=0.05, ground_truth=None, round=4, fit_kwargs=None, experiment_custom_tags=None, verbose=False, system=True, add_to_model_list=True, raise_num_clusters=False, display=None, kwargs={})
2025-10-03 12:09:58,050:INFO:Checking exceptions
2025-10-03 12:09:58,054:INFO:Importing untrained model
2025-10-03 12:09:58,054:INFO:K-Means Clustering Imported successfully
2025-10-03 12:09:58,054:INFO:Fitting Model
2025-10-03 12:09:58,070:WARNING:C:\Users\marco\AppData\Local\Programs\Python\Python310\lib\site-packages\sklearn\cluster\_kmeans.py:870: FutureWarning: The default value of `n_init` will change from 10 to 'auto' in 1.4. Set the value of `n_init` explicitly to suppress the warning
  warnings.warn(

2025-10-03 12:09:58,131:INFO:KMeans(random_state=123)
2025-10-03 12:09:58,131:INFO:create_models() successfully completed......................................
2025-10-03 12:09:58,131:INFO:Uploading results into container
2025-10-03 12:09:58,131:INFO:Uploading model into container now
2025-10-03 12:09:58,133:INFO:_master_model_container: 5
2025-10-03 12:09:58,133:INFO:_display_container: 6
2025-10-03 12:09:58,133:INFO:KMeans(random_state=123)
2025-10-03 12:09:58,133:INFO:create_model() successfully completed......................................
2025-10-03 12:09:58,228:INFO:Initializing create_model()
2025-10-03 12:09:58,228:INFO:create_model(self=<pycaret.clustering.oop.ClusteringExperiment object at 0x00000221CA864250>, estimator=kmeans, num_clusters=9, fraction=0.05, ground_truth=None, round=4, fit_kwargs=None, experiment_custom_tags=None, verbose=False, system=True, add_to_model_list=True, raise_num_clusters=False, display=None, kwargs={})
2025-10-03 12:09:58,228:INFO:Checking exceptions
2025-10-03 12:09:58,238:INFO:Importing untrained model
2025-10-03 12:09:58,239:INFO:K-Means Clustering Imported successfully
2025-10-03 12:09:58,239:INFO:Fitting Model
2025-10-03 12:09:58,252:WARNING:C:\Users\marco\AppData\Local\Programs\Python\Python310\lib\site-packages\sklearn\cluster\_kmeans.py:870: FutureWarning: The default value of `n_init` will change from 10 to 'auto' in 1.4. Set the value of `n_init` explicitly to suppress the warning
  warnings.warn(

2025-10-03 12:09:58,315:INFO:KMeans(n_clusters=9, random_state=123)
2025-10-03 12:09:58,315:INFO:create_models() successfully completed......................................
2025-10-03 12:09:58,315:INFO:Uploading results into container
2025-10-03 12:09:58,317:INFO:Uploading model into container now
2025-10-03 12:09:58,317:INFO:_master_model_container: 6
2025-10-03 12:09:58,317:INFO:_display_container: 7
2025-10-03 12:09:58,317:INFO:KMeans(n_clusters=9, random_state=123)
2025-10-03 12:09:58,317:INFO:create_model() successfully completed......................................
2025-10-03 12:09:58,413:INFO:Initializing create_model()
2025-10-03 12:09:58,413:INFO:create_model(self=<pycaret.clustering.oop.ClusteringExperiment object at 0x00000221CA864250>, estimator=kmeans, num_clusters=10, fraction=0.05, ground_truth=None, round=4, fit_kwargs=None, experiment_custom_tags=None, verbose=False, system=True, add_to_model_list=True, raise_num_clusters=False, display=None, kwargs={})
2025-10-03 12:09:58,413:INFO:Checking exceptions
2025-10-03 12:09:58,413:INFO:Importing untrained model
2025-10-03 12:09:58,413:INFO:K-Means Clustering Imported successfully
2025-10-03 12:09:58,413:INFO:Fitting Model
2025-10-03 12:09:58,437:WARNING:C:\Users\marco\AppData\Local\Programs\Python\Python310\lib\site-packages\sklearn\cluster\_kmeans.py:870: FutureWarning: The default value of `n_init` will change from 10 to 'auto' in 1.4. Set the value of `n_init` explicitly to suppress the warning
  warnings.warn(

2025-10-03 12:09:58,495:INFO:KMeans(n_clusters=10, random_state=123)
2025-10-03 12:09:58,495:INFO:create_models() successfully completed......................................
2025-10-03 12:09:58,495:INFO:Uploading results into container
2025-10-03 12:09:58,497:INFO:Uploading model into container now
2025-10-03 12:09:58,497:INFO:_master_model_container: 7
2025-10-03 12:09:58,497:INFO:_display_container: 8
2025-10-03 12:09:58,497:INFO:KMeans(n_clusters=10, random_state=123)
2025-10-03 12:09:58,497:INFO:create_model() successfully completed......................................
2025-10-03 12:09:58,583:INFO:Initializing create_model()
2025-10-03 12:09:58,614:INFO:create_model(self=<pycaret.clustering.oop.ClusteringExperiment object at 0x00000221CA864250>, estimator=kmeans, num_clusters=11, fraction=0.05, ground_truth=None, round=4, fit_kwargs=None, experiment_custom_tags=None, verbose=False, system=True, add_to_model_list=True, raise_num_clusters=False, display=None, kwargs={})
2025-10-03 12:09:58,614:INFO:Checking exceptions
2025-10-03 12:09:58,614:INFO:Importing untrained model
2025-10-03 12:09:58,614:INFO:K-Means Clustering Imported successfully
2025-10-03 12:09:58,614:INFO:Fitting Model
2025-10-03 12:09:58,638:WARNING:C:\Users\marco\AppData\Local\Programs\Python\Python310\lib\site-packages\sklearn\cluster\_kmeans.py:870: FutureWarning: The default value of `n_init` will change from 10 to 'auto' in 1.4. Set the value of `n_init` explicitly to suppress the warning
  warnings.warn(

2025-10-03 12:09:58,696:INFO:KMeans(n_clusters=11, random_state=123)
2025-10-03 12:09:58,696:INFO:create_models() successfully completed......................................
2025-10-03 12:09:58,696:INFO:Uploading results into container
2025-10-03 12:09:58,698:INFO:Uploading model into container now
2025-10-03 12:09:58,698:INFO:_master_model_container: 8
2025-10-03 12:09:58,698:INFO:_display_container: 9
2025-10-03 12:09:58,700:INFO:KMeans(n_clusters=11, random_state=123)
2025-10-03 12:09:58,700:INFO:create_model() successfully completed......................................
2025-10-03 12:09:58,783:INFO:Initializing create_model()
2025-10-03 12:09:58,783:INFO:create_model(self=<pycaret.clustering.oop.ClusteringExperiment object at 0x00000221CA864250>, estimator=kmeans, num_clusters=12, fraction=0.05, ground_truth=None, round=4, fit_kwargs=None, experiment_custom_tags=None, verbose=False, system=True, add_to_model_list=True, raise_num_clusters=False, display=None, kwargs={})
2025-10-03 12:09:58,783:INFO:Checking exceptions
2025-10-03 12:09:58,791:INFO:Importing untrained model
2025-10-03 12:09:58,791:INFO:K-Means Clustering Imported successfully
2025-10-03 12:09:58,791:INFO:Fitting Model
2025-10-03 12:09:58,808:WARNING:C:\Users\marco\AppData\Local\Programs\Python\Python310\lib\site-packages\sklearn\cluster\_kmeans.py:870: FutureWarning: The default value of `n_init` will change from 10 to 'auto' in 1.4. Set the value of `n_init` explicitly to suppress the warning
  warnings.warn(

2025-10-03 12:09:58,870:INFO:KMeans(n_clusters=12, random_state=123)
2025-10-03 12:09:58,870:INFO:create_models() successfully completed......................................
2025-10-03 12:09:58,870:INFO:Uploading results into container
2025-10-03 12:09:58,870:INFO:Uploading model into container now
2025-10-03 12:09:58,872:INFO:_master_model_container: 9
2025-10-03 12:09:58,872:INFO:_display_container: 10
2025-10-03 12:09:58,872:INFO:KMeans(n_clusters=12, random_state=123)
2025-10-03 12:09:58,872:INFO:create_model() successfully completed......................................
2025-10-03 12:09:58,961:INFO:Initializing create_model()
2025-10-03 12:09:58,963:INFO:create_model(self=<pycaret.clustering.oop.ClusteringExperiment object at 0x00000221CA864250>, estimator=kmeans, num_clusters=13, fraction=0.05, ground_truth=None, round=4, fit_kwargs=None, experiment_custom_tags=None, verbose=False, system=True, add_to_model_list=True, raise_num_clusters=False, display=None, kwargs={})
2025-10-03 12:09:58,963:INFO:Checking exceptions
2025-10-03 12:09:58,971:INFO:Importing untrained model
2025-10-03 12:09:58,971:INFO:K-Means Clustering Imported successfully
2025-10-03 12:09:58,975:INFO:Fitting Model
2025-10-03 12:09:58,982:WARNING:C:\Users\marco\AppData\Local\Programs\Python\Python310\lib\site-packages\sklearn\cluster\_kmeans.py:870: FutureWarning: The default value of `n_init` will change from 10 to 'auto' in 1.4. Set the value of `n_init` explicitly to suppress the warning
  warnings.warn(

2025-10-03 12:09:59,049:INFO:KMeans(n_clusters=13, random_state=123)
2025-10-03 12:09:59,049:INFO:create_models() successfully completed......................................
2025-10-03 12:09:59,049:INFO:Uploading results into container
2025-10-03 12:09:59,051:INFO:Uploading model into container now
2025-10-03 12:09:59,051:INFO:_master_model_container: 10
2025-10-03 12:09:59,051:INFO:_display_container: 11
2025-10-03 12:09:59,051:INFO:KMeans(n_clusters=13, random_state=123)
2025-10-03 12:09:59,051:INFO:create_model() successfully completed......................................
2025-10-03 12:09:59,145:INFO:Initializing create_model()
2025-10-03 12:09:59,145:INFO:create_model(self=<pycaret.clustering.oop.ClusteringExperiment object at 0x00000221CA864250>, estimator=kmeans, num_clusters=14, fraction=0.05, ground_truth=None, round=4, fit_kwargs=None, experiment_custom_tags=None, verbose=False, system=True, add_to_model_list=True, raise_num_clusters=False, display=None, kwargs={})
2025-10-03 12:09:59,145:INFO:Checking exceptions
2025-10-03 12:09:59,154:INFO:Importing untrained model
2025-10-03 12:09:59,154:INFO:K-Means Clustering Imported successfully
2025-10-03 12:09:59,154:INFO:Fitting Model
2025-10-03 12:09:59,165:WARNING:C:\Users\marco\AppData\Local\Programs\Python\Python310\lib\site-packages\sklearn\cluster\_kmeans.py:870: FutureWarning: The default value of `n_init` will change from 10 to 'auto' in 1.4. Set the value of `n_init` explicitly to suppress the warning
  warnings.warn(

2025-10-03 12:09:59,232:INFO:KMeans(n_clusters=14, random_state=123)
2025-10-03 12:09:59,232:INFO:create_models() successfully completed......................................
2025-10-03 12:09:59,232:INFO:Uploading results into container
2025-10-03 12:09:59,234:INFO:Uploading model into container now
2025-10-03 12:09:59,234:INFO:_master_model_container: 11
2025-10-03 12:09:59,234:INFO:_display_container: 12
2025-10-03 12:09:59,234:INFO:KMeans(n_clusters=14, random_state=123)
2025-10-03 12:09:59,234:INFO:create_model() successfully completed......................................
2025-10-03 12:09:59,331:INFO:Initializing create_model()
2025-10-03 12:09:59,332:INFO:create_model(self=<pycaret.clustering.oop.ClusteringExperiment object at 0x00000221CA864250>, estimator=kmeans, num_clusters=15, fraction=0.05, ground_truth=None, round=4, fit_kwargs=None, experiment_custom_tags=None, verbose=False, system=True, add_to_model_list=True, raise_num_clusters=False, display=None, kwargs={})
2025-10-03 12:09:59,332:INFO:Checking exceptions
2025-10-03 12:09:59,341:INFO:Importing untrained model
2025-10-03 12:09:59,341:INFO:K-Means Clustering Imported successfully
2025-10-03 12:09:59,342:INFO:Fitting Model
2025-10-03 12:09:59,352:WARNING:C:\Users\marco\AppData\Local\Programs\Python\Python310\lib\site-packages\sklearn\cluster\_kmeans.py:870: FutureWarning: The default value of `n_init` will change from 10 to 'auto' in 1.4. Set the value of `n_init` explicitly to suppress the warning
  warnings.warn(

2025-10-03 12:09:59,420:INFO:KMeans(n_clusters=15, random_state=123)
2025-10-03 12:09:59,420:INFO:create_models() successfully completed......................................
2025-10-03 12:09:59,420:INFO:Uploading results into container
2025-10-03 12:09:59,422:INFO:Uploading model into container now
2025-10-03 12:09:59,422:INFO:_master_model_container: 12
2025-10-03 12:09:59,422:INFO:_display_container: 13
2025-10-03 12:09:59,422:INFO:KMeans(n_clusters=15, random_state=123)
2025-10-03 12:09:59,422:INFO:create_model() successfully completed......................................
2025-10-03 12:09:59,523:INFO:Initializing create_model()
2025-10-03 12:09:59,523:INFO:create_model(self=<pycaret.clustering.oop.ClusteringExperiment object at 0x00000221CA864250>, estimator=hclust, num_clusters=4, fraction=0.05, ground_truth=None, round=4, fit_kwargs=None, experiment_custom_tags=None, verbose=False, system=True, add_to_model_list=True, raise_num_clusters=False, display=None, kwargs={})
2025-10-03 12:09:59,523:INFO:Checking exceptions
2025-10-03 12:09:59,523:INFO:Importing untrained model
2025-10-03 12:09:59,523:INFO:Agglomerative Clustering Imported successfully
2025-10-03 12:09:59,523:INFO:Fitting Model
2025-10-03 12:09:59,727:INFO:AgglomerativeClustering(n_clusters=4)
2025-10-03 12:09:59,727:INFO:create_models() successfully completed......................................
2025-10-03 12:09:59,727:INFO:Uploading results into container
2025-10-03 12:09:59,727:INFO:Uploading model into container now
2025-10-03 12:09:59,727:INFO:_master_model_container: 13
2025-10-03 12:09:59,727:INFO:_display_container: 14
2025-10-03 12:09:59,727:INFO:AgglomerativeClustering(n_clusters=4)
2025-10-03 12:09:59,727:INFO:create_model() successfully completed......................................
2025-10-03 12:09:59,813:INFO:Initializing create_model()
2025-10-03 12:09:59,813:INFO:create_model(self=<pycaret.clustering.oop.ClusteringExperiment object at 0x00000221CA864250>, estimator=birch, num_clusters=4, fraction=0.05, ground_truth=None, round=4, fit_kwargs=None, experiment_custom_tags=None, verbose=False, system=True, add_to_model_list=True, raise_num_clusters=False, display=None, kwargs={})
2025-10-03 12:09:59,813:INFO:Checking exceptions
2025-10-03 12:09:59,822:INFO:Importing untrained model
2025-10-03 12:09:59,822:INFO:Birch Clustering Imported successfully
2025-10-03 12:09:59,823:INFO:Fitting Model
2025-10-03 12:09:59,846:INFO:Birch(n_clusters=4)
2025-10-03 12:09:59,846:INFO:create_models() successfully completed......................................
2025-10-03 12:09:59,846:INFO:Uploading results into container
2025-10-03 12:09:59,846:INFO:Uploading model into container now
2025-10-03 12:09:59,846:INFO:_master_model_container: 14
2025-10-03 12:09:59,846:INFO:_display_container: 15
2025-10-03 12:09:59,846:INFO:Birch(n_clusters=4)
2025-10-03 12:09:59,846:INFO:create_model() successfully completed......................................
2025-10-03 12:09:59,913:INFO:Initializing create_model()
2025-10-03 12:09:59,913:INFO:create_model(self=<pycaret.clustering.oop.ClusteringExperiment object at 0x00000221CA864250>, estimator=agglomerative, num_clusters=4, fraction=0.05, ground_truth=None, round=4, fit_kwargs=None, experiment_custom_tags=None, verbose=False, system=True, add_to_model_list=True, raise_num_clusters=False, display=None, kwargs={})
2025-10-03 12:09:59,913:INFO:Checking exceptions
2025-10-03 12:09:59,913:INFO:Initializing assign_model()
2025-10-03 12:09:59,913:INFO:assign_model(self=<pycaret.clustering.oop.ClusteringExperiment object at 0x00000221CA864250>, model=KMeans(n_clusters=5, random_state=123), transformation=False, score=True, verbose=True)
2025-10-03 12:09:59,913:INFO:Checking exceptions
2025-10-03 12:09:59,913:INFO:Determining Trained Model
2025-10-03 12:09:59,913:INFO:Trained Model : K-Means Clustering
2025-10-03 12:09:59,913:INFO:Copying data
2025-10-03 12:09:59,929:INFO:(250, 80)
2025-10-03 12:09:59,980:INFO:assign_model() successfully completed......................................
2025-10-03 12:09:59,983:INFO:Initializing save_model()
2025-10-03 12:09:59,983:INFO:save_model(model=KMeans(n_clusters=5, random_state=123), model_name=automl_best_model, prep_pipe_=Pipeline(memory=FastMemory(location=C:\Users\marco\AppData\Local\Temp\joblib),
         steps=[('numerical_imputer',
                 TransformerWrapper(include=['Animação', 'Aventura', 'Ação',
                                             'Biografia', 'Comédia', 'Drama',
                                             'Família', 'Fantasia',
                                             'Ficção científica', 'Guerra',
                                             'História', 'Mistério', 'Musical',
                                             'Romance', 'Suspense', 'ajud',
                                             'am', 'amig', 'ano', 'assassin',
                                             'assassinat', 'busc', 'cac', 'cas',
                                             'cidad', 'confront', 'contr',
                                             'crim', 'decid', 'descobr', ...],
                                    transformer=SimpleImputer())),
                ('categorical_imputer',
                 TransformerWrapper(include=[],
                                    transformer=SimpleImputer(strategy='most_frequent')))]), verbose=True, use_case=MLUsecase.CLUSTERING, kwargs={})
2025-10-03 12:09:59,983:INFO:Adding model into prep_pipe
2025-10-03 12:09:59,986:INFO:automl_best_model.pkl saved in current working directory
2025-10-03 12:09:59,989:INFO:Pipeline(memory=FastMemory(location=C:\Users\marco\AppData\Local\Temp\joblib),
         steps=[('numerical_imputer',
                 TransformerWrapper(include=['Animação', 'Aventura', 'Ação',
                                             'Biografia', 'Comédia', 'Drama',
                                             'Família', 'Fantasia',
                                             'Ficção científica', 'Guerra',
                                             'História', 'Mistério', 'Musical',
                                             'Romance', 'Suspense', 'ajud',
                                             'am', 'amig', 'ano', 'assassin',
                                             'assassinat', 'busc', 'cac', 'cas',
                                             'cidad', 'confront', 'contr',
                                             'crim', 'decid', 'descobr', ...],
                                    transformer=SimpleImputer())),
                ('categorical_imputer',
                 TransformerWrapper(include=[],
                                    transformer=SimpleImputer(strategy='most_frequent'))),
                ('trained_model', KMeans(n_clusters=5, random_state=123))])
2025-10-03 12:09:59,989:INFO:save_model() successfully completed......................................
